<?xml version="1.0" encoding="UTF-8"?>
<!-- Generated by org.testng.reporters.JUnitReportReporter -->
<testsuite hostname="shoaib-PC" name="test.LoginTest" tests="1" failures="0" timestamp="25 Feb 2015 15:49:51 GMT" time="0.009" errors="0">
  <testcase name="doLogin" time="0.009" classname="test.LoginTest"/>
</testsuite> <!-- test.LoginTest -->
