<?xml version="1.0" encoding="UTF-8"?>
<!-- Generated by org.testng.reporters.JUnitReportReporter -->
<testsuite hostname="shoaib-PC" name="rough.YahooRegistrationTest" tests="3" failures="0" timestamp="25 Feb 2015 15:18:59 GMT" time="0.015" errors="0">
  <testcase name="testRegister" time="0.013" classname="rough.YahooRegistrationTest"/>
  <testcase name="testRegister" time="0.001" classname="rough.YahooRegistrationTest"/>
  <testcase name="testRegister" time="0.001" classname="rough.YahooRegistrationTest"/>
</testsuite> <!-- rough.YahooRegistrationTest -->
